========================================================
作业启动 (Job Start)
作业名 (Job Name): LOSO_DANN_DTU
作业ID (Job ID): 3967
运行节点 (Node List): gpu01
起始时间 (Start Time): Mon Sep 15 20:13:47 CST 2025
--------------------------------------------------------
当前工作目录 (Working Directory): /share/home/yuan/DTU_KUL_LOSO_ablation
--------------------------------------------------------
正在加载环境模块 (cuda, anaconda3)...
正在激活 Conda 环境: ly_torch...
Conda 环境激活成功。当前Python路径: /share/home/yuan/.conda/envs/ly_torch/bin/python
--------------------------------------------------------
开始执行Python LOSO脚本 (testdann_keep1.py)...
这将会是一个漫长的过程，请耐心等待。
--------------------------------------------------------
Error importing huggingface_hub.hf_api: No module named 'filelock'

================================================================================
开始消融实验: DART-Net_w_o_Adv
配置: adversarial=False, reconstruction=True, fusion='attentive'
================================================================================

--- FOLD 1/18 (Test Subject: S1) ---
开始构建并预加载2秒数据集，处理被试: ['2', '3', '4', '5', '6', '7', '8', '9', '10', '11', '12', '13', '14', '15', '16', '17', '18']...
索引构建和数据预加载完成，总样本数: 49980
开始构建并预加载2秒数据集，处理被试: ['1']...
索引构建和数据预加载完成，总样本数: 2940
本折训练完成！最佳测试准确率: 0.6663


--- FOLD 2/18 (Test Subject: S2) ---
开始构建并预加载2秒数据集，处理被试: ['1', '3', '4', '5', '6', '7', '8', '9', '10', '11', '12', '13', '14', '15', '16', '17', '18']...
索引构建和数据预加载完成，总样本数: 49980
开始构建并预加载2秒数据集，处理被试: ['2']...
索引构建和数据预加载完成，总样本数: 2940
本折训练完成！最佳测试准确率: 0.5949


--- FOLD 3/18 (Test Subject: S3) ---
开始构建并预加载2秒数据集，处理被试: ['1', '2', '4', '5', '6', '7', '8', '9', '10', '11', '12', '13', '14', '15', '16', '17', '18']...
索引构建和数据预加载完成，总样本数: 49980
开始构建并预加载2秒数据集，处理被试: ['3']...
索引构建和数据预加载完成，总样本数: 2940
本折训练完成！最佳测试准确率: 0.5401


--- FOLD 4/18 (Test Subject: S4) ---
开始构建并预加载2秒数据集，处理被试: ['1', '2', '3', '5', '6', '7', '8', '9', '10', '11', '12', '13', '14', '15', '16', '17', '18']...
索引构建和数据预加载完成，总样本数: 49980
开始构建并预加载2秒数据集，处理被试: ['4']...
索引构建和数据预加载完成，总样本数: 2940
本折训练完成！最佳测试准确率: 0.5694


--- FOLD 5/18 (Test Subject: S5) ---
开始构建并预加载2秒数据集，处理被试: ['1', '2', '3', '4', '6', '7', '8', '9', '10', '11', '12', '13', '14', '15', '16', '17', '18']...
索引构建和数据预加载完成，总样本数: 49980
开始构建并预加载2秒数据集，处理被试: ['5']...
索引构建和数据预加载完成，总样本数: 2940
本折训练完成！最佳测试准确率: 0.5619


--- FOLD 6/18 (Test Subject: S6) ---
开始构建并预加载2秒数据集，处理被试: ['1', '2', '3', '4', '5', '7', '8', '9', '10', '11', '12', '13', '14', '15', '16', '17', '18']...
索引构建和数据预加载完成，总样本数: 49980
开始构建并预加载2秒数据集，处理被试: ['6']...
索引构建和数据预加载完成，总样本数: 2940
本折训练完成！最佳测试准确率: 0.5078


--- FOLD 7/18 (Test Subject: S7) ---
开始构建并预加载2秒数据集，处理被试: ['1', '2', '3', '4', '5', '6', '8', '9', '10', '11', '12', '13', '14', '15', '16', '17', '18']...
索引构建和数据预加载完成，总样本数: 49980
开始构建并预加载2秒数据集，处理被试: ['7']...
索引构建和数据预加载完成，总样本数: 2940
本折训练完成！最佳测试准确率: 0.6514


--- FOLD 8/18 (Test Subject: S8) ---
开始构建并预加载2秒数据集，处理被试: ['1', '2', '3', '4', '5', '6', '7', '9', '10', '11', '12', '13', '14', '15', '16', '17', '18']...
索引构建和数据预加载完成，总样本数: 49980
开始构建并预加载2秒数据集，处理被试: ['8']...
索引构建和数据预加载完成，总样本数: 2940
本折训练完成！最佳测试准确率: 0.5347


--- FOLD 9/18 (Test Subject: S9) ---
开始构建并预加载2秒数据集，处理被试: ['1', '2', '3', '4', '5', '6', '7', '8', '10', '11', '12', '13', '14', '15', '16', '17', '18']...
索引构建和数据预加载完成，总样本数: 49980
开始构建并预加载2秒数据集，处理被试: ['9']...
索引构建和数据预加载完成，总样本数: 2940
本折训练完成！最佳测试准确率: 0.5966


--- FOLD 10/18 (Test Subject: S10) ---
开始构建并预加载2秒数据集，处理被试: ['1', '2', '3', '4', '5', '6', '7', '8', '9', '11', '12', '13', '14', '15', '16', '17', '18']...
索引构建和数据预加载完成，总样本数: 49980
开始构建并预加载2秒数据集，处理被试: ['10']...
索引构建和数据预加载完成，总样本数: 2940
本折训练完成！最佳测试准确率: 0.5476


--- FOLD 11/18 (Test Subject: S11) ---
开始构建并预加载2秒数据集，处理被试: ['1', '2', '3', '4', '5', '6', '7', '8', '9', '10', '12', '13', '14', '15', '16', '17', '18']...
索引构建和数据预加载完成，总样本数: 49980
开始构建并预加载2秒数据集，处理被试: ['11']...
索引构建和数据预加载完成，总样本数: 2940
本折训练完成！最佳测试准确率: 0.5357


--- FOLD 12/18 (Test Subject: S12) ---
开始构建并预加载2秒数据集，处理被试: ['1', '2', '3', '4', '5', '6', '7', '8', '9', '10', '11', '13', '14', '15', '16', '17', '18']...
索引构建和数据预加载完成，总样本数: 49980
开始构建并预加载2秒数据集，处理被试: ['12']...
索引构建和数据预加载完成，总样本数: 2940
本折训练完成！最佳测试准确率: 0.5133


--- FOLD 13/18 (Test Subject: S13) ---
开始构建并预加载2秒数据集，处理被试: ['1', '2', '3', '4', '5', '6', '7', '8', '9', '10', '11', '12', '14', '15', '16', '17', '18']...
索引构建和数据预加载完成，总样本数: 49980
开始构建并预加载2秒数据集，处理被试: ['13']...
索引构建和数据预加载完成，总样本数: 2940
本折训练完成！最佳测试准确率: 0.5694


--- FOLD 14/18 (Test Subject: S14) ---
开始构建并预加载2秒数据集，处理被试: ['1', '2', '3', '4', '5', '6', '7', '8', '9', '10', '11', '12', '13', '15', '16', '17', '18']...
索引构建和数据预加载完成，总样本数: 49980
开始构建并预加载2秒数据集，处理被试: ['14']...
索引构建和数据预加载完成，总样本数: 2940
本折训练完成！最佳测试准确率: 0.5245


--- FOLD 15/18 (Test Subject: S15) ---
开始构建并预加载2秒数据集，处理被试: ['1', '2', '3', '4', '5', '6', '7', '8', '9', '10', '11', '12', '13', '14', '16', '17', '18']...
索引构建和数据预加载完成，总样本数: 49980
开始构建并预加载2秒数据集，处理被试: ['15']...
索引构建和数据预加载完成，总样本数: 2940
本折训练完成！最佳测试准确率: 0.5755


--- FOLD 16/18 (Test Subject: S16) ---
开始构建并预加载2秒数据集，处理被试: ['1', '2', '3', '4', '5', '6', '7', '8', '9', '10', '11', '12', '13', '14', '15', '17', '18']...
索引构建和数据预加载完成，总样本数: 49980
开始构建并预加载2秒数据集，处理被试: ['16']...
索引构建和数据预加载完成，总样本数: 2940
本折训练完成！最佳测试准确率: 0.4959


--- FOLD 17/18 (Test Subject: S17) ---
开始构建并预加载2秒数据集，处理被试: ['1', '2', '3', '4', '5', '6', '7', '8', '9', '10', '11', '12', '13', '14', '15', '16', '18']...
索引构建和数据预加载完成，总样本数: 49980
开始构建并预加载2秒数据集，处理被试: ['17']...
索引构建和数据预加载完成，总样本数: 2940
本折训练完成！最佳测试准确率: 0.5568


--- FOLD 18/18 (Test Subject: S18) ---
开始构建并预加载2秒数据集，处理被试: ['1', '2', '3', '4', '5', '6', '7', '8', '9', '10', '11', '12', '13', '14', '15', '16', '17']...
索引构建和数据预加载完成，总样本数: 49980
开始构建并预加载2秒数据集，处理被试: ['18']...
索引构建和数据预加载完成，总样本数: 2940
本折训练完成！最佳测试准确率: 0.6201


消融实验 'DART-Net_w_o_Adv' 完成！ 平均准确率: 0.5646 ± 0.0459

================================================================================
开始消融实验: DART-Net_w_o_Recon
配置: adversarial=True, reconstruction=False, fusion='attentive'
================================================================================

--- FOLD 1/18 (Test Subject: S1) ---
开始构建并预加载2秒数据集，处理被试: ['2', '3', '4', '5', '6', '7', '8', '9', '10', '11', '12', '13', '14', '15', '16', '17', '18']...
索引构建和数据预加载完成，总样本数: 49980
开始构建并预加载2秒数据集，处理被试: ['1']...
索引构建和数据预加载完成，总样本数: 2940
本折训练完成！最佳测试准确率: 0.6507


--- FOLD 2/18 (Test Subject: S2) ---
开始构建并预加载2秒数据集，处理被试: ['1', '3', '4', '5', '6', '7', '8', '9', '10', '11', '12', '13', '14', '15', '16', '17', '18']...
索引构建和数据预加载完成，总样本数: 49980
开始构建并预加载2秒数据集，处理被试: ['2']...
索引构建和数据预加载完成，总样本数: 2940
本折训练完成！最佳测试准确率: 0.5741


--- FOLD 3/18 (Test Subject: S3) ---
开始构建并预加载2秒数据集，处理被试: ['1', '2', '4', '5', '6', '7', '8', '9', '10', '11', '12', '13', '14', '15', '16', '17', '18']...
索引构建和数据预加载完成，总样本数: 49980
开始构建并预加载2秒数据集，处理被试: ['3']...
索引构建和数据预加载完成，总样本数: 2940
本折训练完成！最佳测试准确率: 0.5541


--- FOLD 4/18 (Test Subject: S4) ---
开始构建并预加载2秒数据集，处理被试: ['1', '2', '3', '5', '6', '7', '8', '9', '10', '11', '12', '13', '14', '15', '16', '17', '18']...
索引构建和数据预加载完成，总样本数: 49980
开始构建并预加载2秒数据集，处理被试: ['4']...
索引构建和数据预加载完成，总样本数: 2940
本折训练完成！最佳测试准确率: 0.4935


--- FOLD 5/18 (Test Subject: S5) ---
开始构建并预加载2秒数据集，处理被试: ['1', '2', '3', '4', '6', '7', '8', '9', '10', '11', '12', '13', '14', '15', '16', '17', '18']...
索引构建和数据预加载完成，总样本数: 49980
开始构建并预加载2秒数据集，处理被试: ['5']...
索引构建和数据预加载完成，总样本数: 2940
本折训练完成！最佳测试准确率: 0.5741


--- FOLD 6/18 (Test Subject: S6) ---
开始构建并预加载2秒数据集，处理被试: ['1', '2', '3', '4', '5', '7', '8', '9', '10', '11', '12', '13', '14', '15', '16', '17', '18']...
索引构建和数据预加载完成，总样本数: 49980
开始构建并预加载2秒数据集，处理被试: ['6']...
索引构建和数据预加载完成，总样本数: 2940
本折训练完成！最佳测试准确率: 0.5289


--- FOLD 7/18 (Test Subject: S7) ---
开始构建并预加载2秒数据集，处理被试: ['1', '2', '3', '4', '5', '6', '8', '9', '10', '11', '12', '13', '14', '15', '16', '17', '18']...
索引构建和数据预加载完成，总样本数: 49980
开始构建并预加载2秒数据集，处理被试: ['7']...
索引构建和数据预加载完成，总样本数: 2940
本折训练完成！最佳测试准确率: 0.6592


--- FOLD 8/18 (Test Subject: S8) ---
开始构建并预加载2秒数据集，处理被试: ['1', '2', '3', '4', '5', '6', '7', '9', '10', '11', '12', '13', '14', '15', '16', '17', '18']...
索引构建和数据预加载完成，总样本数: 49980
开始构建并预加载2秒数据集，处理被试: ['8']...
索引构建和数据预加载完成，总样本数: 2940
本折训练完成！最佳测试准确率: 0.6085


--- FOLD 9/18 (Test Subject: S9) ---
开始构建并预加载2秒数据集，处理被试: ['1', '2', '3', '4', '5', '6', '7', '8', '10', '11', '12', '13', '14', '15', '16', '17', '18']...
索引构建和数据预加载完成，总样本数: 49980
开始构建并预加载2秒数据集，处理被试: ['9']...
索引构建和数据预加载完成，总样本数: 2940
本折训练完成！最佳测试准确率: 0.6020


--- FOLD 10/18 (Test Subject: S10) ---
开始构建并预加载2秒数据集，处理被试: ['1', '2', '3', '4', '5', '6', '7', '8', '9', '11', '12', '13', '14', '15', '16', '17', '18']...
索引构建和数据预加载完成，总样本数: 49980
开始构建并预加载2秒数据集，处理被试: ['10']...
索引构建和数据预加载完成，总样本数: 2940
本折训练完成！最佳测试准确率: 0.5565


--- FOLD 11/18 (Test Subject: S11) ---
开始构建并预加载2秒数据集，处理被试: ['1', '2', '3', '4', '5', '6', '7', '8', '9', '10', '12', '13', '14', '15', '16', '17', '18']...
索引构建和数据预加载完成，总样本数: 49980
开始构建并预加载2秒数据集，处理被试: ['11']...
索引构建和数据预加载完成，总样本数: 2940
本折训练完成！最佳测试准确率: 0.5340


--- FOLD 12/18 (Test Subject: S12) ---
开始构建并预加载2秒数据集，处理被试: ['1', '2', '3', '4', '5', '6', '7', '8', '9', '10', '11', '13', '14', '15', '16', '17', '18']...
索引构建和数据预加载完成，总样本数: 49980
开始构建并预加载2秒数据集，处理被试: ['12']...
索引构建和数据预加载完成，总样本数: 2940
本折训练完成！最佳测试准确率: 0.5082


--- FOLD 13/18 (Test Subject: S13) ---
开始构建并预加载2秒数据集，处理被试: ['1', '2', '3', '4', '5', '6', '7', '8', '9', '10', '11', '12', '14', '15', '16', '17', '18']...
索引构建和数据预加载完成，总样本数: 49980
开始构建并预加载2秒数据集，处理被试: ['13']...
索引构建和数据预加载完成，总样本数: 2940
本折训练完成！最佳测试准确率: 0.5881


--- FOLD 14/18 (Test Subject: S14) ---
开始构建并预加载2秒数据集，处理被试: ['1', '2', '3', '4', '5', '6', '7', '8', '9', '10', '11', '12', '13', '15', '16', '17', '18']...
索引构建和数据预加载完成，总样本数: 49980
开始构建并预加载2秒数据集，处理被试: ['14']...
索引构建和数据预加载完成，总样本数: 2940
本折训练完成！最佳测试准确率: 0.5122


--- FOLD 15/18 (Test Subject: S15) ---
开始构建并预加载2秒数据集，处理被试: ['1', '2', '3', '4', '5', '6', '7', '8', '9', '10', '11', '12', '13', '14', '16', '17', '18']...
索引构建和数据预加载完成，总样本数: 49980
开始构建并预加载2秒数据集，处理被试: ['15']...
索引构建和数据预加载完成，总样本数: 2940
本折训练完成！最佳测试准确率: 0.5721


--- FOLD 16/18 (Test Subject: S16) ---
开始构建并预加载2秒数据集，处理被试: ['1', '2', '3', '4', '5', '6', '7', '8', '9', '10', '11', '12', '13', '14', '15', '17', '18']...
索引构建和数据预加载完成，总样本数: 49980
开始构建并预加载2秒数据集，处理被试: ['16']...
索引构建和数据预加载完成，总样本数: 2940
本折训练完成！最佳测试准确率: 0.5126


--- FOLD 17/18 (Test Subject: S17) ---
开始构建并预加载2秒数据集，处理被试: ['1', '2', '3', '4', '5', '6', '7', '8', '9', '10', '11', '12', '13', '14', '15', '16', '18']...
索引构建和数据预加载完成，总样本数: 49980
开始构建并预加载2秒数据集，处理被试: ['17']...
索引构建和数据预加载完成，总样本数: 2940
本折训练完成！最佳测试准确率: 0.6184


--- FOLD 18/18 (Test Subject: S18) ---
开始构建并预加载2秒数据集，处理被试: ['1', '2', '3', '4', '5', '6', '7', '8', '9', '10', '11', '12', '13', '14', '15', '16', '17']...
索引构建和数据预加载完成，总样本数: 49980
开始构建并预加载2秒数据集，处理被试: ['18']...
索引构建和数据预加载完成，总样本数: 2940
本折训练完成！最佳测试准确率: 0.6398


消融实验 'DART-Net_w_o_Recon' 完成！ 平均准确率: 0.5715 ± 0.0496

================================================================================
开始消融实验: DBformer_Base
配置: adversarial=False, reconstruction=False, fusion='simple_fusion'
================================================================================

--- FOLD 1/18 (Test Subject: S1) ---
开始构建并预加载2秒数据集，处理被试: ['2', '3', '4', '5', '6', '7', '8', '9', '10', '11', '12', '13', '14', '15', '16', '17', '18']...
索引构建和数据预加载完成，总样本数: 49980
开始构建并预加载2秒数据集，处理被试: ['1']...
索引构建和数据预加载完成，总样本数: 2940
本折训练完成！最佳测试准确率: 0.6391


--- FOLD 2/18 (Test Subject: S2) ---
开始构建并预加载2秒数据集，处理被试: ['1', '3', '4', '5', '6', '7', '8', '9', '10', '11', '12', '13', '14', '15', '16', '17', '18']...
索引构建和数据预加载完成，总样本数: 49980
开始构建并预加载2秒数据集，处理被试: ['2']...
索引构建和数据预加载完成，总样本数: 2940
本折训练完成！最佳测试准确率: 0.5595


--- FOLD 3/18 (Test Subject: S3) ---
开始构建并预加载2秒数据集，处理被试: ['1', '2', '4', '5', '6', '7', '8', '9', '10', '11', '12', '13', '14', '15', '16', '17', '18']...
索引构建和数据预加载完成，总样本数: 49980
开始构建并预加载2秒数据集，处理被试: ['3']...
索引构建和数据预加载完成，总样本数: 2940
本折训练完成！最佳测试准确率: 0.5483


--- FOLD 4/18 (Test Subject: S4) ---
开始构建并预加载2秒数据集，处理被试: ['1', '2', '3', '5', '6', '7', '8', '9', '10', '11', '12', '13', '14', '15', '16', '17', '18']...
索引构建和数据预加载完成，总样本数: 49980
开始构建并预加载2秒数据集，处理被试: ['4']...
索引构建和数据预加载完成，总样本数: 2940
本折训练完成！最佳测试准确率: 0.4963


--- FOLD 5/18 (Test Subject: S5) ---
开始构建并预加载2秒数据集，处理被试: ['1', '2', '3', '4', '6', '7', '8', '9', '10', '11', '12', '13', '14', '15', '16', '17', '18']...
索引构建和数据预加载完成，总样本数: 49980
开始构建并预加载2秒数据集，处理被试: ['5']...
索引构建和数据预加载完成，总样本数: 2940
本折训练完成！最佳测试准确率: 0.5762


--- FOLD 6/18 (Test Subject: S6) ---
开始构建并预加载2秒数据集，处理被试: ['1', '2', '3', '4', '5', '7', '8', '9', '10', '11', '12', '13', '14', '15', '16', '17', '18']...
索引构建和数据预加载完成，总样本数: 49980
开始构建并预加载2秒数据集，处理被试: ['6']...
索引构建和数据预加载完成，总样本数: 2940
本折训练完成！最佳测试准确率: 0.4935


--- FOLD 7/18 (Test Subject: S7) ---
开始构建并预加载2秒数据集，处理被试: ['1', '2', '3', '4', '5', '6', '8', '9', '10', '11', '12', '13', '14', '15', '16', '17', '18']...
索引构建和数据预加载完成，总样本数: 49980
开始构建并预加载2秒数据集，处理被试: ['7']...
索引构建和数据预加载完成，总样本数: 2940
本折训练完成！最佳测试准确率: 0.6446


--- FOLD 8/18 (Test Subject: S8) ---
开始构建并预加载2秒数据集，处理被试: ['1', '2', '3', '4', '5', '6', '7', '9', '10', '11', '12', '13', '14', '15', '16', '17', '18']...
索引构建和数据预加载完成，总样本数: 49980
开始构建并预加载2秒数据集，处理被试: ['8']...
索引构建和数据预加载完成，总样本数: 2940
本折训练完成！最佳测试准确率: 0.5643


--- FOLD 9/18 (Test Subject: S9) ---
开始构建并预加载2秒数据集，处理被试: ['1', '2', '3', '4', '5', '6', '7', '8', '10', '11', '12', '13', '14', '15', '16', '17', '18']...
索引构建和数据预加载完成，总样本数: 49980
开始构建并预加载2秒数据集，处理被试: ['9']...
索引构建和数据预加载完成，总样本数: 2940
本折训练完成！最佳测试准确率: 0.5446


--- FOLD 10/18 (Test Subject: S10) ---
开始构建并预加载2秒数据集，处理被试: ['1', '2', '3', '4', '5', '6', '7', '8', '9', '11', '12', '13', '14', '15', '16', '17', '18']...
索引构建和数据预加载完成，总样本数: 49980
开始构建并预加载2秒数据集，处理被试: ['10']...
索引构建和数据预加载完成，总样本数: 2940
本折训练完成！最佳测试准确率: 0.5636


--- FOLD 11/18 (Test Subject: S11) ---
开始构建并预加载2秒数据集，处理被试: ['1', '2', '3', '4', '5', '6', '7', '8', '9', '10', '12', '13', '14', '15', '16', '17', '18']...
索引构建和数据预加载完成，总样本数: 49980
开始构建并预加载2秒数据集，处理被试: ['11']...
索引构建和数据预加载完成，总样本数: 2940
本折训练完成！最佳测试准确率: 0.5354


--- FOLD 12/18 (Test Subject: S12) ---
开始构建并预加载2秒数据集，处理被试: ['1', '2', '3', '4', '5', '6', '7', '8', '9', '10', '11', '13', '14', '15', '16', '17', '18']...
索引构建和数据预加载完成，总样本数: 49980
开始构建并预加载2秒数据集，处理被试: ['12']...
索引构建和数据预加载完成，总样本数: 2940
本折训练完成！最佳测试准确率: 0.5058


--- FOLD 13/18 (Test Subject: S13) ---
开始构建并预加载2秒数据集，处理被试: ['1', '2', '3', '4', '5', '6', '7', '8', '9', '10', '11', '12', '14', '15', '16', '17', '18']...
索引构建和数据预加载完成，总样本数: 49980
开始构建并预加载2秒数据集，处理被试: ['13']...
索引构建和数据预加载完成，总样本数: 2940
本折训练完成！最佳测试准确率: 0.6014


--- FOLD 14/18 (Test Subject: S14) ---
开始构建并预加载2秒数据集，处理被试: ['1', '2', '3', '4', '5', '6', '7', '8', '9', '10', '11', '12', '13', '15', '16', '17', '18']...
索引构建和数据预加载完成，总样本数: 49980
开始构建并预加载2秒数据集，处理被试: ['14']...
索引构建和数据预加载完成，总样本数: 2940
本折训练完成！最佳测试准确率: 0.5211


--- FOLD 15/18 (Test Subject: S15) ---
开始构建并预加载2秒数据集，处理被试: ['1', '2', '3', '4', '5', '6', '7', '8', '9', '10', '11', '12', '13', '14', '16', '17', '18']...
索引构建和数据预加载完成，总样本数: 49980
开始构建并预加载2秒数据集，处理被试: ['15']...
索引构建和数据预加载完成，总样本数: 2940
本折训练完成！最佳测试准确率: 0.5728


--- FOLD 16/18 (Test Subject: S16) ---
开始构建并预加载2秒数据集，处理被试: ['1', '2', '3', '4', '5', '6', '7', '8', '9', '10', '11', '12', '13', '14', '15', '17', '18']...
索引构建和数据预加载完成，总样本数: 49980
开始构建并预加载2秒数据集，处理被试: ['16']...
索引构建和数据预加载完成，总样本数: 2940
本折训练完成！最佳测试准确率: 0.5102


--- FOLD 17/18 (Test Subject: S17) ---
开始构建并预加载2秒数据集，处理被试: ['1', '2', '3', '4', '5', '6', '7', '8', '9', '10', '11', '12', '13', '14', '15', '16', '18']...
索引构建和数据预加载完成，总样本数: 49980
开始构建并预加载2秒数据集，处理被试: ['17']...
索引构建和数据预加载完成，总样本数: 2940
本折训练完成！最佳测试准确率: 0.5534


--- FOLD 18/18 (Test Subject: S18) ---
开始构建并预加载2秒数据集，处理被试: ['1', '2', '3', '4', '5', '6', '7', '8', '9', '10', '11', '12', '13', '14', '15', '16', '17']...
索引构建和数据预加载完成，总样本数: 49980
开始构建并预加载2秒数据集，处理被试: ['18']...
索引构建和数据预加载完成，总样本数: 2940
本折训练完成！最佳测试准确率: 0.6180


消融实验 'DBformer_Base' 完成！ 平均准确率: 0.5582 ± 0.0443

================================================================================
开始消融实验: DART-Net (Temporal-Only)
配置: adversarial=True, reconstruction=True, fusion='temporal_only'
================================================================================

--- FOLD 1/18 (Test Subject: S1) ---
开始构建并预加载2秒数据集，处理被试: ['2', '3', '4', '5', '6', '7', '8', '9', '10', '11', '12', '13', '14', '15', '16', '17', '18']...
索引构建和数据预加载完成，总样本数: 49980
开始构建并预加载2秒数据集，处理被试: ['1']...
索引构建和数据预加载完成，总样本数: 2940
本折训练完成！最佳测试准确率: 0.6605


--- FOLD 2/18 (Test Subject: S2) ---
开始构建并预加载2秒数据集，处理被试: ['1', '3', '4', '5', '6', '7', '8', '9', '10', '11', '12', '13', '14', '15', '16', '17', '18']...
索引构建和数据预加载完成，总样本数: 49980
开始构建并预加载2秒数据集，处理被试: ['2']...
索引构建和数据预加载完成，总样本数: 2940
本折训练完成！最佳测试准确率: 0.5837


--- FOLD 3/18 (Test Subject: S3) ---
开始构建并预加载2秒数据集，处理被试: ['1', '2', '4', '5', '6', '7', '8', '9', '10', '11', '12', '13', '14', '15', '16', '17', '18']...
索引构建和数据预加载完成，总样本数: 49980
开始构建并预加载2秒数据集，处理被试: ['3']...
索引构建和数据预加载完成，总样本数: 2940
本折训练完成！最佳测试准确率: 0.5391


--- FOLD 4/18 (Test Subject: S4) ---
开始构建并预加载2秒数据集，处理被试: ['1', '2', '3', '5', '6', '7', '8', '9', '10', '11', '12', '13', '14', '15', '16', '17', '18']...
索引构建和数据预加载完成，总样本数: 49980
开始构建并预加载2秒数据集，处理被试: ['4']...
索引构建和数据预加载完成，总样本数: 2940
本折训练完成！最佳测试准确率: 0.4401


--- FOLD 5/18 (Test Subject: S5) ---
开始构建并预加载2秒数据集，处理被试: ['1', '2', '3', '4', '6', '7', '8', '9', '10', '11', '12', '13', '14', '15', '16', '17', '18']...
索引构建和数据预加载完成，总样本数: 49980
开始构建并预加载2秒数据集，处理被试: ['5']...
索引构建和数据预加载完成，总样本数: 2940
本折训练完成！最佳测试准确率: 0.5667


--- FOLD 6/18 (Test Subject: S6) ---
开始构建并预加载2秒数据集，处理被试: ['1', '2', '3', '4', '5', '7', '8', '9', '10', '11', '12', '13', '14', '15', '16', '17', '18']...
索引构建和数据预加载完成，总样本数: 49980
开始构建并预加载2秒数据集，处理被试: ['6']...
索引构建和数据预加载完成，总样本数: 2940
本折训练完成！最佳测试准确率: 0.5364


--- FOLD 7/18 (Test Subject: S7) ---
开始构建并预加载2秒数据集，处理被试: ['1', '2', '3', '4', '5', '6', '8', '9', '10', '11', '12', '13', '14', '15', '16', '17', '18']...
索引构建和数据预加载完成，总样本数: 49980
开始构建并预加载2秒数据集，处理被试: ['7']...
索引构建和数据预加载完成，总样本数: 2940
本折训练完成！最佳测试准确率: 0.6432


--- FOLD 8/18 (Test Subject: S8) ---
开始构建并预加载2秒数据集，处理被试: ['1', '2', '3', '4', '5', '6', '7', '9', '10', '11', '12', '13', '14', '15', '16', '17', '18']...
索引构建和数据预加载完成，总样本数: 49980
开始构建并预加载2秒数据集，处理被试: ['8']...
索引构建和数据预加载完成，总样本数: 2940
本折训练完成！最佳测试准确率: 0.6544


--- FOLD 9/18 (Test Subject: S9) ---
开始构建并预加载2秒数据集，处理被试: ['1', '2', '3', '4', '5', '6', '7', '8', '10', '11', '12', '13', '14', '15', '16', '17', '18']...
索引构建和数据预加载完成，总样本数: 49980
开始构建并预加载2秒数据集，处理被试: ['9']...
索引构建和数据预加载完成，总样本数: 2940
本折训练完成！最佳测试准确率: 0.6000


--- FOLD 10/18 (Test Subject: S10) ---
开始构建并预加载2秒数据集，处理被试: ['1', '2', '3', '4', '5', '6', '7', '8', '9', '11', '12', '13', '14', '15', '16', '17', '18']...
索引构建和数据预加载完成，总样本数: 49980
开始构建并预加载2秒数据集，处理被试: ['10']...
索引构建和数据预加载完成，总样本数: 2940
本折训练完成！最佳测试准确率: 0.5663


--- FOLD 11/18 (Test Subject: S11) ---
开始构建并预加载2秒数据集，处理被试: ['1', '2', '3', '4', '5', '6', '7', '8', '9', '10', '12', '13', '14', '15', '16', '17', '18']...
索引构建和数据预加载完成，总样本数: 49980
开始构建并预加载2秒数据集，处理被试: ['11']...
索引构建和数据预加载完成，总样本数: 2940
本折训练完成！最佳测试准确率: 0.5371


--- FOLD 12/18 (Test Subject: S12) ---
开始构建并预加载2秒数据集，处理被试: ['1', '2', '3', '4', '5', '6', '7', '8', '9', '10', '11', '13', '14', '15', '16', '17', '18']...
索引构建和数据预加载完成，总样本数: 49980
开始构建并预加载2秒数据集，处理被试: ['12']...
索引构建和数据预加载完成，总样本数: 2940
本折训练完成！最佳测试准确率: 0.5075


--- FOLD 13/18 (Test Subject: S13) ---
开始构建并预加载2秒数据集，处理被试: ['1', '2', '3', '4', '5', '6', '7', '8', '9', '10', '11', '12', '14', '15', '16', '17', '18']...
索引构建和数据预加载完成，总样本数: 49980
开始构建并预加载2秒数据集，处理被试: ['13']...
索引构建和数据预加载完成，总样本数: 2940
本折训练完成！最佳测试准确率: 0.6000


--- FOLD 14/18 (Test Subject: S14) ---
开始构建并预加载2秒数据集，处理被试: ['1', '2', '3', '4', '5', '6', '7', '8', '9', '10', '11', '12', '13', '15', '16', '17', '18']...
索引构建和数据预加载完成，总样本数: 49980
开始构建并预加载2秒数据集，处理被试: ['14']...
索引构建和数据预加载完成，总样本数: 2940
本折训练完成！最佳测试准确率: 0.5163


--- FOLD 15/18 (Test Subject: S15) ---
开始构建并预加载2秒数据集，处理被试: ['1', '2', '3', '4', '5', '6', '7', '8', '9', '10', '11', '12', '13', '14', '16', '17', '18']...
索引构建和数据预加载完成，总样本数: 49980
开始构建并预加载2秒数据集，处理被试: ['15']...
索引构建和数据预加载完成，总样本数: 2940
本折训练完成！最佳测试准确率: 0.5772


--- FOLD 16/18 (Test Subject: S16) ---
开始构建并预加载2秒数据集，处理被试: ['1', '2', '3', '4', '5', '6', '7', '8', '9', '10', '11', '12', '13', '14', '15', '17', '18']...
索引构建和数据预加载完成，总样本数: 49980
开始构建并预加载2秒数据集，处理被试: ['16']...
索引构建和数据预加载完成，总样本数: 2940
本折训练完成！最佳测试准确率: 0.5276


--- FOLD 17/18 (Test Subject: S17) ---
开始构建并预加载2秒数据集，处理被试: ['1', '2', '3', '4', '5', '6', '7', '8', '9', '10', '11', '12', '13', '14', '15', '16', '18']...
索引构建和数据预加载完成，总样本数: 49980
开始构建并预加载2秒数据集，处理被试: ['17']...
索引构建和数据预加载完成，总样本数: 2940
本折训练完成！最佳测试准确率: 0.6000


--- FOLD 18/18 (Test Subject: S18) ---
开始构建并预加载2秒数据集，处理被试: ['1', '2', '3', '4', '5', '6', '7', '8', '9', '10', '11', '12', '13', '14', '15', '16', '17']...
索引构建和数据预加载完成，总样本数: 49980
开始构建并预加载2秒数据集，处理被试: ['18']...
索引构建和数据预加载完成，总样本数: 2940
本折训练完成！最佳测试准确率: 0.6133


消融实验 'DART-Net (Temporal-Only)' 完成！ 平均准确率: 0.5705 ± 0.0548

================================================================================
开始消融实验: DART-Net (Spatial-Only)
配置: adversarial=True, reconstruction=True, fusion='spatial_only'
================================================================================

--- FOLD 1/18 (Test Subject: S1) ---
开始构建并预加载2秒数据集，处理被试: ['2', '3', '4', '5', '6', '7', '8', '9', '10', '11', '12', '13', '14', '15', '16', '17', '18']...
索引构建和数据预加载完成，总样本数: 49980
开始构建并预加载2秒数据集，处理被试: ['1']...
索引构建和数据预加载完成，总样本数: 2940
本折训练完成！最佳测试准确率: 0.4333


--- FOLD 2/18 (Test Subject: S2) ---
开始构建并预加载2秒数据集，处理被试: ['1', '3', '4', '5', '6', '7', '8', '9', '10', '11', '12', '13', '14', '15', '16', '17', '18']...
索引构建和数据预加载完成，总样本数: 49980
开始构建并预加载2秒数据集，处理被试: ['2']...
索引构建和数据预加载完成，总样本数: 2940
本折训练完成！最佳测试准确率: 0.5000


--- FOLD 3/18 (Test Subject: S3) ---
开始构建并预加载2秒数据集，处理被试: ['1', '2', '4', '5', '6', '7', '8', '9', '10', '11', '12', '13', '14', '15', '16', '17', '18']...
索引构建和数据预加载完成，总样本数: 49980
开始构建并预加载2秒数据集，处理被试: ['3']...
索引构建和数据预加载完成，总样本数: 2940
本折训练完成！最佳测试准确率: 0.4667


--- FOLD 4/18 (Test Subject: S4) ---
开始构建并预加载2秒数据集，处理被试: ['1', '2', '3', '5', '6', '7', '8', '9', '10', '11', '12', '13', '14', '15', '16', '17', '18']...
索引构建和数据预加载完成，总样本数: 49980
开始构建并预加载2秒数据集，处理被试: ['4']...
索引构建和数据预加载完成，总样本数: 2940
本折训练完成！最佳测试准确率: 0.4000


--- FOLD 5/18 (Test Subject: S5) ---
开始构建并预加载2秒数据集，处理被试: ['1', '2', '3', '4', '6', '7', '8', '9', '10', '11', '12', '13', '14', '15', '16', '17', '18']...
索引构建和数据预加载完成，总样本数: 49980
开始构建并预加载2秒数据集，处理被试: ['5']...
索引构建和数据预加载完成，总样本数: 2940
本折训练完成！最佳测试准确率: 0.5697


--- FOLD 6/18 (Test Subject: S6) ---
开始构建并预加载2秒数据集，处理被试: ['1', '2', '3', '4', '5', '7', '8', '9', '10', '11', '12', '13', '14', '15', '16', '17', '18']...
索引构建和数据预加载完成，总样本数: 49980
开始构建并预加载2秒数据集，处理被试: ['6']...
索引构建和数据预加载完成，总样本数: 2940
本折训练完成！最佳测试准确率: 0.4667


--- FOLD 7/18 (Test Subject: S7) ---
开始构建并预加载2秒数据集，处理被试: ['1', '2', '3', '4', '5', '6', '8', '9', '10', '11', '12', '13', '14', '15', '16', '17', '18']...
索引构建和数据预加载完成，总样本数: 49980
开始构建并预加载2秒数据集，处理被试: ['7']...
索引构建和数据预加载完成，总样本数: 2940
本折训练完成！最佳测试准确率: 0.3667


--- FOLD 8/18 (Test Subject: S8) ---
开始构建并预加载2秒数据集，处理被试: ['1', '2', '3', '4', '5', '6', '7', '9', '10', '11', '12', '13', '14', '15', '16', '17', '18']...
索引构建和数据预加载完成，总样本数: 49980
开始构建并预加载2秒数据集，处理被试: ['8']...
索引构建和数据预加载完成，总样本数: 2940
本折训练完成！最佳测试准确率: 0.6667


--- FOLD 9/18 (Test Subject: S9) ---
开始构建并预加载2秒数据集，处理被试: ['1', '2', '3', '4', '5', '6', '7', '8', '10', '11', '12', '13', '14', '15', '16', '17', '18']...
索引构建和数据预加载完成，总样本数: 49980
开始构建并预加载2秒数据集，处理被试: ['9']...
索引构建和数据预加载完成，总样本数: 2940
本折训练完成！最佳测试准确率: 0.6007


--- FOLD 10/18 (Test Subject: S10) ---
开始构建并预加载2秒数据集，处理被试: ['1', '2', '3', '4', '5', '6', '7', '8', '9', '11', '12', '13', '14', '15', '16', '17', '18']...
索引构建和数据预加载完成，总样本数: 49980
开始构建并预加载2秒数据集，处理被试: ['10']...
索引构建和数据预加载完成，总样本数: 2940
本折训练完成！最佳测试准确率: 0.5333


--- FOLD 11/18 (Test Subject: S11) ---
开始构建并预加载2秒数据集，处理被试: ['1', '2', '3', '4', '5', '6', '7', '8', '9', '10', '12', '13', '14', '15', '16', '17', '18']...
索引构建和数据预加载完成，总样本数: 49980
开始构建并预加载2秒数据集，处理被试: ['11']...
索引构建和数据预加载完成，总样本数: 2940
本折训练完成！最佳测试准确率: 0.5333


--- FOLD 12/18 (Test Subject: S12) ---
开始构建并预加载2秒数据集，处理被试: ['1', '2', '3', '4', '5', '6', '7', '8', '9', '10', '11', '13', '14', '15', '16', '17', '18']...
索引构建和数据预加载完成，总样本数: 49980
开始构建并预加载2秒数据集，处理被试: ['12']...
索引构建和数据预加载完成，总样本数: 2940
本折训练完成！最佳测试准确率: 0.5000


--- FOLD 13/18 (Test Subject: S13) ---
开始构建并预加载2秒数据集，处理被试: ['1', '2', '3', '4', '5', '6', '7', '8', '9', '10', '11', '12', '14', '15', '16', '17', '18']...
索引构建和数据预加载完成，总样本数: 49980
开始构建并预加载2秒数据集，处理被试: ['13']...
索引构建和数据预加载完成，总样本数: 2940
本折训练完成！最佳测试准确率: 0.6007


--- FOLD 14/18 (Test Subject: S14) ---
开始构建并预加载2秒数据集，处理被试: ['1', '2', '3', '4', '5', '6', '7', '8', '9', '10', '11', '12', '13', '15', '16', '17', '18']...
索引构建和数据预加载完成，总样本数: 49980
开始构建并预加载2秒数据集，处理被试: ['14']...
索引构建和数据预加载完成，总样本数: 2940
本折训练完成！最佳测试准确率: 0.5000


--- FOLD 15/18 (Test Subject: S15) ---
开始构建并预加载2秒数据集，处理被试: ['1', '2', '3', '4', '5', '6', '7', '8', '9', '10', '11', '12', '13', '14', '16', '17', '18']...
索引构建和数据预加载完成，总样本数: 49980
开始构建并预加载2秒数据集，处理被试: ['15']...
索引构建和数据预加载完成，总样本数: 2940
本折训练完成！最佳测试准确率: 0.4333


--- FOLD 16/18 (Test Subject: S16) ---
开始构建并预加载2秒数据集，处理被试: ['1', '2', '3', '4', '5', '6', '7', '8', '9', '10', '11', '12', '13', '14', '15', '17', '18']...
索引构建和数据预加载完成，总样本数: 49980
开始构建并预加载2秒数据集，处理被试: ['16']...
索引构建和数据预加载完成，总样本数: 2940
本折训练完成！最佳测试准确率: 0.5000


--- FOLD 17/18 (Test Subject: S17) ---
开始构建并预加载2秒数据集，处理被试: ['1', '2', '3', '4', '5', '6', '7', '8', '9', '10', '11', '12', '13', '14', '15', '16', '18']...
索引构建和数据预加载完成，总样本数: 49980
开始构建并预加载2秒数据集，处理被试: ['17']...
索引构建和数据预加载完成，总样本数: 2940
本折训练完成！最佳测试准确率: 0.4000


--- FOLD 18/18 (Test Subject: S18) ---
开始构建并预加载2秒数据集，处理被试: ['1', '2', '3', '4', '5', '6', '7', '8', '9', '10', '11', '12', '13', '14', '15', '16', '17']...
索引构建和数据预加载完成，总样本数: 49980
开始构建并预加载2秒数据集，处理被试: ['18']...
索引构建和数据预加载完成，总样本数: 2940
本折训练完成！最佳测试准确率: 0.6337


消融实验 'DART-Net (Spatial-Only)' 完成！ 平均准确率: 0.5058 ± 0.0821

================================================================================
所有消融实验已全部完成！最终总结:
================================================================================
              Experiment Mean Accuracy Std Dev
        DART-Net_w_o_Adv        56.46%   4.59%
      DART-Net_w_o_Recon        57.15%   4.96%
           DBformer_Base        55.82%   4.43%
DART-Net (Temporal-Only)        57.05%   5.48%
 DART-Net (Spatial-Only)        50.58%   8.21%

总结报告已保存至: ./ablation_summary_20250916-0902.csv
--------------------------------------------------------
Python脚本执行完毕，退出码 (Exit Code): 0
结束时间 (End Time): Tue Sep 16 09:02:26 CST 2025
作业结束 (Job End)
========================================================
